info: ::1 - - [10/Jul/2024:08:04:26 +0000] "POST //auth/signup HTTP/1.1" 404 47 "-" "PostmanRuntime/7.39.1"

info: ::1 - - [10/Jul/2024:08:05:27 +0000] "POST //auth/signup HTTP/1.1" 404 47 "-" "PostmanRuntime/7.39.1"

info: ::1 - - [10/Jul/2024:08:05:32 +0000] "POST //auth/signup HTTP/1.1" 404 47 "-" "PostmanRuntime/7.39.1"

info: ::1 - - [10/Jul/2024:08:05:54 +0000] "POST //auth/signup HTTP/1.1" 404 47 "-" "PostmanRuntime/7.39.1"

info: ::1 - - [10/Jul/2024:08:06:00 +0000] "POST //auth/signup HTTP/1.1" 404 47 "-" "PostmanRuntime/7.39.1"

info: ::1 - - [10/Jul/2024:08:06:38 +0000] "POST //auth/signup HTTP/1.1" 404 47 "-" "PostmanRuntime/7.39.1"

info: ::1 - - [10/Jul/2024:08:07:06 +0000] "POST //auth/signup HTTP/1.1" 404 47 "-" "PostmanRuntime/7.39.1"

info: ::1 - - [10/Jul/2024:08:08:02 +0000] "POST /api/v1/auth/signup HTTP/1.1" 500 91 "-" "PostmanRuntime/7.39.1"

info: ::1 - - [10/Jul/2024:08:11:55 +0000] "POST /api/v1/auth/signup HTTP/1.1" 500 168 "-" "PostmanRuntime/7.39.1"

info: ::1 - - [10/Jul/2024:08:13:27 +0000] "POST /api/v1/auth/signup HTTP/1.1" 500 168 "-" "PostmanRuntime/7.39.1"

info: ::1 - - [10/Jul/2024:08:14:39 +0000] "POST /api/v1/auth/signup HTTP/1.1" 500 168 "-" "PostmanRuntime/7.39.1"

info: ::1 - - [10/Jul/2024:08:15:19 +0000] "POST /api/v1/auth/signup HTTP/1.1" 201 427 "-" "PostmanRuntime/7.39.1"

info: ::1 - - [10/Jul/2024:08:17:02 +0000] "POST /api/v1/auth/signup HTTP/1.1" 409 44 "-" "PostmanRuntime/7.39.1"

info: ::1 - - [10/Jul/2024:09:01:15 +0000] "POST /api/v1/auth/signup HTTP/1.1" 201 423 "-" "PostmanRuntime/7.39.1"

info: ::1 - - [10/Jul/2024:09:02:20 +0000] "POST /api/v1/auth/signup HTTP/1.1" 201 425 "-" "PostmanRuntime/7.39.1"

info: ::1 - - [10/Jul/2024:09:04:50 +0000] "POST /api/v1/auth/login HTTP/1.1" 404 47 "-" "PostmanRuntime/7.39.1"

info: ::1 - - [10/Jul/2024:09:05:07 +0000] "POST /api/v1/auth/login HTTP/1.1" 200 427 "-" "PostmanRuntime/7.39.1"

info: ::1 - - [10/Jul/2024:09:05:24 +0000] "POST /api/v1/auth/login HTTP/1.1" 401 43 "-" "PostmanRuntime/7.39.1"

info: ::1 - - [10/Jul/2024:09:05:39 +0000] "POST /api/v1/auth/login HTTP/1.1" 200 427 "-" "PostmanRuntime/7.39.1"

info: ::1 - - [10/Jul/2024:09:20:21 +0000] "POST /api/v1/auth/login HTTP/1.1" 200 459 "-" "PostmanRuntime/7.39.1"

info: ::1 - - [10/Jul/2024:09:25:07 +0000] "PATCH /api/v1/auth/668e43172d46c129882143f4 HTTP/1.1" 202 403 "-" "PostmanRuntime/7.39.1"

info: ::1 - - [10/Jul/2024:09:27:46 +0000] "PATCH /api/v1/auth/668e43172d46c129882143f4 HTTP/1.1" 202 234 "-" "PostmanRuntime/7.39.1"

info: ::1 - - [10/Jul/2024:09:28:20 +0000] "PATCH /api/v1/auth/668e43172d46c129882143f4 HTTP/1.1" 202 234 "-" "PostmanRuntime/7.39.1"

info: ::1 - - [10/Jul/2024:09:28:40 +0000] "PATCH /api/v1/auth/668e43172d46c129882143f4 HTTP/1.1" 202 234 "-" "PostmanRuntime/7.39.1"

info: ::1 - - [10/Jul/2024:09:29:13 +0000] "PATCH /api/v1/auth/668e43172d46c129882143f4 HTTP/1.1" 202 234 "-" "PostmanRuntime/7.39.1"

info: ::1 - - [10/Jul/2024:09:29:45 +0000] "PATCH /api/v1/auth/668e43172d46c129882143f4 HTTP/1.1" 202 234 "-" "PostmanRuntime/7.39.1"

info: ::1 - - [10/Jul/2024:09:29:58 +0000] "POST /api/v1/auth/login HTTP/1.1" 200 568 "-" "PostmanRuntime/7.39.1"

info: ::1 - - [10/Jul/2024:09:30:18 +0000] "POST /api/v1/auth/login HTTP/1.1" 200 568 "-" "PostmanRuntime/7.39.1"

info: ::1 - - [10/Jul/2024:09:30:27 +0000] "PATCH /api/v1/auth/668e43172d46c129882143f4 HTTP/1.1" 202 234 "-" "PostmanRuntime/7.39.1"

info: ::1 - - [10/Jul/2024:09:31:06 +0000] "PATCH /api/v1/auth/668e43172d46c129882143f4 HTTP/1.1" 202 234 "-" "PostmanRuntime/7.39.1"

info: ::1 - - [10/Jul/2024:09:32:00 +0000] "PATCH /api/v1/auth/668e43172d46c129882143f4 HTTP/1.1" 202 256 "-" "PostmanRuntime/7.39.1"

info: ::1 - - [10/Jul/2024:09:32:25 +0000] "PATCH /api/v1/auth/668e43172d46c129882143f4 HTTP/1.1" 202 254 "-" "PostmanRuntime/7.39.1"

info: ::1 - - [10/Jul/2024:09:39:20 +0000] "PATCH /api/v1/auth/668e43172d46c129882143f4 HTTP/1.1" 202 254 "-" "PostmanRuntime/7.39.1"

info: ::1 - - [10/Jul/2024:09:39:37 +0000] "PATCH /api/v1/auth/668e43172d46c129882143f4 HTTP/1.1" 202 254 "-" "PostmanRuntime/7.39.1"

info: ::1 - - [10/Jul/2024:09:39:53 +0000] "PATCH /api/v1/auth/668e43172d46c129882143f4 HTTP/1.1" 202 256 "-" "PostmanRuntime/7.39.1"

info: ::1 - - [10/Jul/2024:09:42:42 +0000] "POST /api/v1/auth/login HTTP/1.1" 200 590 "-" "PostmanRuntime/7.39.1"

info: ::1 - - [10/Jul/2024:09:51:02 +0000] "PATCH /api/v1/auth/668e43172d46c129882143f4 HTTP/1.1" 500 105 "-" "PostmanRuntime/7.39.1"

info: ::1 - - [10/Jul/2024:09:51:31 +0000] "PATCH /api/v1/auth/668e43172d46c129882143f4 HTTP/1.1" 500 105 "-" "PostmanRuntime/7.39.1"

info: ::1 - - [10/Jul/2024:09:56:41 +0000] "PATCH /api/v1/auth/668e43172d46c129882143f4 HTTP/1.1" 202 256 "-" "PostmanRuntime/7.39.1"

info: ::1 - - [10/Jul/2024:09:56:51 +0000] "PATCH /api/v1/auth/668e43172d46c129882143f4 HTTP/1.1" 202 254 "-" "PostmanRuntime/7.39.1"

info: ::1 - - [10/Jul/2024:10:03:25 +0000] "PATCH /api/v1/auth/668e43172d46c129882143f4 HTTP/1.1" 202 256 "-" "PostmanRuntime/7.39.1"

info: ::1 - - [10/Jul/2024:15:23:03 +0000] "POST /api/v1/auth/forgot-password HTTP/1.1" 202 48 "-" "PostmanRuntime/7.39.1"

info: ::1 - - [10/Jul/2024:15:25:00 +0000] "POST /api/v1/auth/forgot-password HTTP/1.1" 202 48 "-" "PostmanRuntime/7.39.1"

info: ::1 - - [10/Jul/2024:15:28:32 +0000] "POST /api/v1/auth/forgot-password HTTP/1.1" 500 56 "-" "PostmanRuntime/7.39.1"

info: ::1 - - [10/Jul/2024:15:29:37 +0000] "POST /api/v1/auth/forgot-password HTTP/1.1" 500 56 "-" "PostmanRuntime/7.39.1"

info: ::1 - - [10/Jul/2024:15:31:34 +0000] "POST /api/v1/auth/forgot-password HTTP/1.1" 500 56 "-" "PostmanRuntime/7.39.1"

info: ::1 - - [10/Jul/2024:15:32:51 +0000] "POST /api/v1/auth/forgot-password HTTP/1.1" 404 66 "-" "PostmanRuntime/7.39.1"

info: ::1 - - [10/Jul/2024:15:33:49 +0000] "POST /api/v1/auth/forgot-password HTTP/1.1" 202 48 "-" "PostmanRuntime/7.39.1"

info: ::1 - - [10/Jul/2024:15:34:27 +0000] "POST /api/v1/auth/forgot-password HTTP/1.1" 202 48 "-" "PostmanRuntime/7.39.1"

info: ::1 - - [10/Jul/2024:15:44:30 +0000] "POST /api/v1/auth/forgot-password HTTP/1.1" 202 48 "-" "PostmanRuntime/7.39.1"

info: ::1 - - [10/Jul/2024:15:48:37 +0000] "POST /api/v1/auth/forgot-password HTTP/1.1" 202 48 "-" "PostmanRuntime/7.39.1"

info: ::1 - - [10/Jul/2024:15:55:34 +0000] "POST /api/v1/auth/forgot-password HTTP/1.1" 500 75 "-" "PostmanRuntime/7.39.1"

info: ::1 - - [10/Jul/2024:15:58:12 +0000] "POST /api/v1/auth/forgot-password HTTP/1.1" 202 48 "-" "PostmanRuntime/7.39.1"

info: ::1 - - [10/Jul/2024:16:00:22 +0000] "POST /api/v1/auth/forgot-password HTTP/1.1" 202 48 "-" "PostmanRuntime/7.39.1"

